Created by PLY version 3.11 (http://www.dabeaz.com/ply)

Grammar

Rule 0     S' -> stmt
Rule 1     stmt -> PRINT LPAREN STRING RPAREN DELIM
Rule 2     stmt -> INPUT LPAREN STRING RPAREN DELIM
Rule 3     stmt -> INT ID IGUAL NUM DELIM
Rule 4     stmt -> FLOAT ID IGUAL expr DELIM
Rule 5     stmt -> ID IGUAL expr DELIM
Rule 6     stmt -> FOR LPAREN STRING RPAREN
Rule 7     stmt -> IF LPAREN STRING RPAREN
Rule 8     stmt -> ELSE
Rule 9     stmt -> WHILE LPAREN STRING RPAREN
Rule 10    stmt -> DO
Rule 11    stmt -> MAIN LPAREN ID RPAREN
Rule 12    stmt -> IMPORT ID DELIM
Rule 13    stmt -> INCLUDE
Rule 14    expr -> ID
Rule 15    expr -> NUM
Rule 16    expr -> expr SOMA ID
Rule 17    expr -> expr SOMA NUM

Terminals, with rules where they appear

DELIM                : 1 2 3 4 5 12
DO                   : 10
ELSE                 : 8
FLOAT                : 4
FOR                  : 6
ID                   : 3 4 5 11 12 14 16
IF                   : 7
IGUAL                : 3 4 5
IMPORT               : 12
INCLUDE              : 13
INPUT                : 2
INT                  : 3
LPAREN               : 1 2 6 7 9 11
MAIN                 : 11
NUM                  : 3 15 17
PRINT                : 1
RPAREN               : 1 2 6 7 9 11
SOMA                 : 16 17
STRING               : 1 2 6 7 9
WHILE                : 9
error                : 

Nonterminals, with rules where they appear

expr                 : 4 5 16 17
stmt                 : 0

Parsing method: LALR

state 0

    (0) S' -> . stmt
    (1) stmt -> . PRINT LPAREN STRING RPAREN DELIM
    (2) stmt -> . INPUT LPAREN STRING RPAREN DELIM
    (3) stmt -> . INT ID IGUAL NUM DELIM
    (4) stmt -> . FLOAT ID IGUAL expr DELIM
    (5) stmt -> . ID IGUAL expr DELIM
    (6) stmt -> . FOR LPAREN STRING RPAREN
    (7) stmt -> . IF LPAREN STRING RPAREN
    (8) stmt -> . ELSE
    (9) stmt -> . WHILE LPAREN STRING RPAREN
    (10) stmt -> . DO
    (11) stmt -> . MAIN LPAREN ID RPAREN
    (12) stmt -> . IMPORT ID DELIM
    (13) stmt -> . INCLUDE

    PRINT           shift and go to state 2
    INPUT           shift and go to state 3
    INT             shift and go to state 4
    FLOAT           shift and go to state 6
    ID              shift and go to state 5
    FOR             shift and go to state 7
    IF              shift and go to state 8
    ELSE            shift and go to state 9
    WHILE           shift and go to state 10
    DO              shift and go to state 11
    MAIN            shift and go to state 12
    IMPORT          shift and go to state 13
    INCLUDE         shift and go to state 14

    stmt                           shift and go to state 1

state 1

    (0) S' -> stmt .



state 2

    (1) stmt -> PRINT . LPAREN STRING RPAREN DELIM

    LPAREN          shift and go to state 15


state 3

    (2) stmt -> INPUT . LPAREN STRING RPAREN DELIM

    LPAREN          shift and go to state 16


state 4

    (3) stmt -> INT . ID IGUAL NUM DELIM

    ID              shift and go to state 17


state 5

    (5) stmt -> ID . IGUAL expr DELIM

    IGUAL           shift and go to state 18


state 6

    (4) stmt -> FLOAT . ID IGUAL expr DELIM

    ID              shift and go to state 19


state 7

    (6) stmt -> FOR . LPAREN STRING RPAREN

    LPAREN          shift and go to state 20


state 8

    (7) stmt -> IF . LPAREN STRING RPAREN

    LPAREN          shift and go to state 21


state 9

    (8) stmt -> ELSE .

    $end            reduce using rule 8 (stmt -> ELSE .)


state 10

    (9) stmt -> WHILE . LPAREN STRING RPAREN

    LPAREN          shift and go to state 22


state 11

    (10) stmt -> DO .

    $end            reduce using rule 10 (stmt -> DO .)


state 12

    (11) stmt -> MAIN . LPAREN ID RPAREN

    LPAREN          shift and go to state 23


state 13

    (12) stmt -> IMPORT . ID DELIM

    ID              shift and go to state 24


state 14

    (13) stmt -> INCLUDE .

    $end            reduce using rule 13 (stmt -> INCLUDE .)


state 15

    (1) stmt -> PRINT LPAREN . STRING RPAREN DELIM

    STRING          shift and go to state 25


state 16

    (2) stmt -> INPUT LPAREN . STRING RPAREN DELIM

    STRING          shift and go to state 26


state 17

    (3) stmt -> INT ID . IGUAL NUM DELIM

    IGUAL           shift and go to state 27


state 18

    (5) stmt -> ID IGUAL . expr DELIM
    (14) expr -> . ID
    (15) expr -> . NUM
    (16) expr -> . expr SOMA ID
    (17) expr -> . expr SOMA NUM

    ID              shift and go to state 28
    NUM             shift and go to state 30

    expr                           shift and go to state 29

state 19

    (4) stmt -> FLOAT ID . IGUAL expr DELIM

    IGUAL           shift and go to state 31


state 20

    (6) stmt -> FOR LPAREN . STRING RPAREN

    STRING          shift and go to state 32


state 21

    (7) stmt -> IF LPAREN . STRING RPAREN

    STRING          shift and go to state 33


state 22

    (9) stmt -> WHILE LPAREN . STRING RPAREN

    STRING          shift and go to state 34


state 23

    (11) stmt -> MAIN LPAREN . ID RPAREN

    ID              shift and go to state 35


state 24

    (12) stmt -> IMPORT ID . DELIM

    DELIM           shift and go to state 36


state 25

    (1) stmt -> PRINT LPAREN STRING . RPAREN DELIM

    RPAREN          shift and go to state 37


state 26

    (2) stmt -> INPUT LPAREN STRING . RPAREN DELIM

    RPAREN          shift and go to state 38


state 27

    (3) stmt -> INT ID IGUAL . NUM DELIM

    NUM             shift and go to state 39


state 28

    (14) expr -> ID .

    DELIM           reduce using rule 14 (expr -> ID .)
    SOMA            reduce using rule 14 (expr -> ID .)


state 29

    (5) stmt -> ID IGUAL expr . DELIM
    (16) expr -> expr . SOMA ID
    (17) expr -> expr . SOMA NUM

    DELIM           shift and go to state 40
    SOMA            shift and go to state 41


state 30

    (15) expr -> NUM .

    DELIM           reduce using rule 15 (expr -> NUM .)
    SOMA            reduce using rule 15 (expr -> NUM .)


state 31

    (4) stmt -> FLOAT ID IGUAL . expr DELIM
    (14) expr -> . ID
    (15) expr -> . NUM
    (16) expr -> . expr SOMA ID
    (17) expr -> . expr SOMA NUM

    ID              shift and go to state 28
    NUM             shift and go to state 30

    expr                           shift and go to state 42

state 32

    (6) stmt -> FOR LPAREN STRING . RPAREN

    RPAREN          shift and go to state 43


state 33

    (7) stmt -> IF LPAREN STRING . RPAREN

    RPAREN          shift and go to state 44


state 34

    (9) stmt -> WHILE LPAREN STRING . RPAREN

    RPAREN          shift and go to state 45


state 35

    (11) stmt -> MAIN LPAREN ID . RPAREN

    RPAREN          shift and go to state 46


state 36

    (12) stmt -> IMPORT ID DELIM .

    $end            reduce using rule 12 (stmt -> IMPORT ID DELIM .)


state 37

    (1) stmt -> PRINT LPAREN STRING RPAREN . DELIM

    DELIM           shift and go to state 47


state 38

    (2) stmt -> INPUT LPAREN STRING RPAREN . DELIM

    DELIM           shift and go to state 48


state 39

    (3) stmt -> INT ID IGUAL NUM . DELIM

    DELIM           shift and go to state 49


state 40

    (5) stmt -> ID IGUAL expr DELIM .

    $end            reduce using rule 5 (stmt -> ID IGUAL expr DELIM .)


state 41

    (16) expr -> expr SOMA . ID
    (17) expr -> expr SOMA . NUM

    ID              shift and go to state 50
    NUM             shift and go to state 51


state 42

    (4) stmt -> FLOAT ID IGUAL expr . DELIM
    (16) expr -> expr . SOMA ID
    (17) expr -> expr . SOMA NUM

    DELIM           shift and go to state 52
    SOMA            shift and go to state 41


state 43

    (6) stmt -> FOR LPAREN STRING RPAREN .

    $end            reduce using rule 6 (stmt -> FOR LPAREN STRING RPAREN .)


state 44

    (7) stmt -> IF LPAREN STRING RPAREN .

    $end            reduce using rule 7 (stmt -> IF LPAREN STRING RPAREN .)


state 45

    (9) stmt -> WHILE LPAREN STRING RPAREN .

    $end            reduce using rule 9 (stmt -> WHILE LPAREN STRING RPAREN .)


state 46

    (11) stmt -> MAIN LPAREN ID RPAREN .

    $end            reduce using rule 11 (stmt -> MAIN LPAREN ID RPAREN .)


state 47

    (1) stmt -> PRINT LPAREN STRING RPAREN DELIM .

    $end            reduce using rule 1 (stmt -> PRINT LPAREN STRING RPAREN DELIM .)


state 48

    (2) stmt -> INPUT LPAREN STRING RPAREN DELIM .

    $end            reduce using rule 2 (stmt -> INPUT LPAREN STRING RPAREN DELIM .)


state 49

    (3) stmt -> INT ID IGUAL NUM DELIM .

    $end            reduce using rule 3 (stmt -> INT ID IGUAL NUM DELIM .)


state 50

    (16) expr -> expr SOMA ID .

    DELIM           reduce using rule 16 (expr -> expr SOMA ID .)
    SOMA            reduce using rule 16 (expr -> expr SOMA ID .)


state 51

    (17) expr -> expr SOMA NUM .

    DELIM           reduce using rule 17 (expr -> expr SOMA NUM .)
    SOMA            reduce using rule 17 (expr -> expr SOMA NUM .)


state 52

    (4) stmt -> FLOAT ID IGUAL expr DELIM .

    $end            reduce using rule 4 (stmt -> FLOAT ID IGUAL expr DELIM .)

